{"/Users/pratikacharya/Desktop/untitled folder/edge-utils/src/errors.js": {"path":"/Users/pratikacharya/Desktop/untitled folder/edge-utils/src/errors.js","statementMap":{"0":{"start":{"line":7,"column":4},"end":{"line":7,"column":19}},"1":{"start":{"line":8,"column":4},"end":{"line":8,"column":28}},"2":{"start":{"line":9,"column":4},"end":{"line":9,"column":25}},"3":{"start":{"line":14,"column":2},"end":{"line":16,"column":3}},"4":{"start":{"line":15,"column":4},"end":{"line":15,"column":25}},"5":{"start":{"line":17,"column":2},"end":{"line":20,"column":3}},"6":{"start":{"line":19,"column":4},"end":{"line":19,"column":80}},"7":{"start":{"line":19,"column":36},"end":{"line":19,"column":48}},"8":{"start":{"line":21,"column":2},"end":{"line":26,"column":3}},"9":{"start":{"line":22,"column":4},"end":{"line":25,"column":7}},"10":{"start":{"line":27,"column":2},"end":{"line":30,"column":5}},"11":{"start":{"line":34,"column":2},"end":{"line":41,"column":3}},"12":{"start":{"line":34,"column":15},"end":{"line":34,"column":16}},"13":{"start":{"line":35,"column":4},"end":{"line":40,"column":5}},"14":{"start":{"line":36,"column":6},"end":{"line":36,"column":24}},"15":{"start":{"line":38,"column":6},"end":{"line":38,"column":42}},"16":{"start":{"line":38,"column":30},"end":{"line":38,"column":42}},"17":{"start":{"line":39,"column":6},"end":{"line":39,"column":80}},"18":{"start":{"line":39,"column":35},"end":{"line":39,"column":78}},"19":{"start":{"line":45,"column":17},"end":{"line":45,"column":18}},"20":{"start":{"line":46,"column":24},"end":{"line":46,"column":25}},"21":{"start":{"line":47,"column":14},"end":{"line":47,"column":22}},"22":{"start":{"line":49,"column":2},"end":{"line":73,"column":4}},"23":{"start":{"line":50,"column":4},"end":{"line":56,"column":5}},"24":{"start":{"line":51,"column":6},"end":{"line":55,"column":7}},"25":{"start":{"line":52,"column":8},"end":{"line":52,"column":28}},"26":{"start":{"line":54,"column":8},"end":{"line":54,"column":51}},"27":{"start":{"line":58,"column":4},"end":{"line":72,"column":5}},"28":{"start":{"line":59,"column":21},"end":{"line":59,"column":38}},"29":{"start":{"line":60,"column":6},"end":{"line":63,"column":7}},"30":{"start":{"line":61,"column":8},"end":{"line":61,"column":25}},"31":{"start":{"line":62,"column":8},"end":{"line":62,"column":21}},"32":{"start":{"line":64,"column":6},"end":{"line":64,"column":20}},"33":{"start":{"line":66,"column":6},"end":{"line":66,"column":17}},"34":{"start":{"line":67,"column":6},"end":{"line":67,"column":35}},"35":{"start":{"line":68,"column":6},"end":{"line":70,"column":7}},"36":{"start":{"line":69,"column":8},"end":{"line":69,"column":23}},"37":{"start":{"line":71,"column":6},"end":{"line":71,"column":18}},"38":{"start":{"line":76,"column":0},"end":{"line":76,"column":78}}},"fnMap":{"0":{"name":"(anonymous_0)","decl":{"start":{"line":6,"column":2},"end":{"line":6,"column":3}},"loc":{"start":{"line":6,"column":37},"end":{"line":10,"column":3}},"line":6},"1":{"name":"handleError","decl":{"start":{"line":13,"column":9},"end":{"line":13,"column":20}},"loc":{"start":{"line":13,"column":42},"end":{"line":31,"column":1}},"line":13},"2":{"name":"(anonymous_2)","decl":{"start":{"line":19,"column":28},"end":{"line":19,"column":29}},"loc":{"start":{"line":19,"column":34},"end":{"line":19,"column":50}},"line":19},"3":{"name":"retryWithBackoff","decl":{"start":{"line":33,"column":15},"end":{"line":33,"column":31}},"loc":{"start":{"line":33,"column":60},"end":{"line":42,"column":1}},"line":33},"4":{"name":"(anonymous_4)","decl":{"start":{"line":39,"column":24},"end":{"line":39,"column":25}},"loc":{"start":{"line":39,"column":35},"end":{"line":39,"column":78}},"line":39},"5":{"name":"circuitBreaker","decl":{"start":{"line":44,"column":9},"end":{"line":44,"column":23}},"loc":{"start":{"line":44,"column":75},"end":{"line":74,"column":1}},"line":44},"6":{"name":"(anonymous_6)","decl":{"start":{"line":49,"column":9},"end":{"line":49,"column":10}},"loc":{"start":{"line":49,"column":34},"end":{"line":73,"column":3}},"line":49}},"branchMap":{"0":{"loc":{"start":{"line":6,"column":23},"end":{"line":6,"column":35}},"type":"default-arg","locations":[{"start":{"line":6,"column":32},"end":{"line":6,"column":35}}],"line":6},"1":{"loc":{"start":{"line":13,"column":28},"end":{"line":13,"column":40}},"type":"default-arg","locations":[{"start":{"line":13,"column":38},"end":{"line":13,"column":40}}],"line":13},"2":{"loc":{"start":{"line":14,"column":2},"end":{"line":16,"column":3}},"type":"if","locations":[{"start":{"line":14,"column":2},"end":{"line":16,"column":3}},{"start":{},"end":{}}],"line":14},"3":{"loc":{"start":{"line":17,"column":2},"end":{"line":20,"column":3}},"type":"if","locations":[{"start":{"line":17,"column":2},"end":{"line":20,"column":3}},{"start":{},"end":{}}],"line":17},"4":{"loc":{"start":{"line":19,"column":52},"end":{"line":19,"column":78}},"type":"binary-expr","locations":[{"start":{"line":19,"column":52},"end":{"line":19,"column":73}},{"start":{"line":19,"column":77},"end":{"line":19,"column":78}}],"line":19},"5":{"loc":{"start":{"line":21,"column":2},"end":{"line":26,"column":3}},"type":"if","locations":[{"start":{"line":21,"column":2},"end":{"line":26,"column":3}},{"start":{},"end":{}}],"line":21},"6":{"loc":{"start":{"line":27,"column":46},"end":{"line":27,"column":78}},"type":"binary-expr","locations":[{"start":{"line":27,"column":46},"end":{"line":27,"column":59}},{"start":{"line":27,"column":63},"end":{"line":27,"column":78}}],"line":27},"7":{"loc":{"start":{"line":28,"column":12},"end":{"line":28,"column":31}},"type":"binary-expr","locations":[{"start":{"line":28,"column":12},"end":{"line":28,"column":24}},{"start":{"line":28,"column":28},"end":{"line":28,"column":31}}],"line":28},"8":{"loc":{"start":{"line":33,"column":46},"end":{"line":33,"column":58}},"type":"default-arg","locations":[{"start":{"line":33,"column":54},"end":{"line":33,"column":58}}],"line":33},"9":{"loc":{"start":{"line":38,"column":6},"end":{"line":38,"column":42}},"type":"if","locations":[{"start":{"line":38,"column":6},"end":{"line":38,"column":42}},{"start":{},"end":{}}],"line":38},"10":{"loc":{"start":{"line":44,"column":28},"end":{"line":44,"column":48}},"type":"default-arg","locations":[{"start":{"line":44,"column":47},"end":{"line":44,"column":48}}],"line":44},"11":{"loc":{"start":{"line":44,"column":50},"end":{"line":44,"column":73}},"type":"default-arg","locations":[{"start":{"line":44,"column":68},"end":{"line":44,"column":73}}],"line":44},"12":{"loc":{"start":{"line":50,"column":4},"end":{"line":56,"column":5}},"type":"if","locations":[{"start":{"line":50,"column":4},"end":{"line":56,"column":5}},{"start":{},"end":{}}],"line":50},"13":{"loc":{"start":{"line":51,"column":6},"end":{"line":55,"column":7}},"type":"if","locations":[{"start":{"line":51,"column":6},"end":{"line":55,"column":7}},{"start":{"line":53,"column":13},"end":{"line":55,"column":7}}],"line":51},"14":{"loc":{"start":{"line":60,"column":6},"end":{"line":63,"column":7}},"type":"if","locations":[{"start":{"line":60,"column":6},"end":{"line":63,"column":7}},{"start":{},"end":{}}],"line":60},"15":{"loc":{"start":{"line":68,"column":6},"end":{"line":70,"column":7}},"type":"if","locations":[{"start":{"line":68,"column":6},"end":{"line":70,"column":7}},{"start":{},"end":{}}],"line":68}},"s":{"0":1,"1":1,"2":1,"3":2,"4":0,"5":2,"6":0,"7":0,"8":2,"9":1,"10":1,"11":0,"12":0,"13":0,"14":0,"15":0,"16":0,"17":0,"18":0,"19":2,"20":2,"21":2,"22":2,"23":4,"24":1,"25":0,"26":1,"27":3,"28":3,"29":1,"30":0,"31":0,"32":1,"33":2,"34":2,"35":2,"36":1,"37":2,"38":2},"f":{"0":1,"1":2,"2":0,"3":0,"4":0,"5":2,"6":4},"b":{"0":[0],"1":[1],"2":[0,2],"3":[0,2],"4":[0,0],"5":[1,1],"6":[1,0],"7":[1,1],"8":[0],"9":[0,0],"10":[1],"11":[2],"12":[1,3],"13":[0,1],"14":[0,1],"15":[1,1]},"_coverageSchema":"1a1c01bbd47fc00a2c39e90264f33305004495a9","hash":"3b593a844b9315af74209b3ad49dae0815100e92"}
,"/Users/pratikacharya/Desktop/untitled folder/edge-utils/src/index.js": {"path":"/Users/pratikacharya/Desktop/untitled folder/edge-utils/src/index.js","statementMap":{"0":{"start":{"line":5,"column":30},"end":{"line":5,"column":55}},"1":{"start":{"line":6,"column":61},"end":{"line":6,"column":87}},"2":{"start":{"line":7,"column":24},"end":{"line":7,"column":49}},"3":{"start":{"line":8,"column":22},"end":{"line":8,"column":45}},"4":{"start":{"line":9,"column":44},"end":{"line":9,"column":73}},"5":{"start":{"line":10,"column":33},"end":{"line":10,"column":57}},"6":{"start":{"line":11,"column":22},"end":{"line":11,"column":48}},"7":{"start":{"line":12,"column":51},"end":{"line":12,"column":75}},"8":{"start":{"line":13,"column":41},"end":{"line":13,"column":76}},"9":{"start":{"line":14,"column":65},"end":{"line":14,"column":99}},"10":{"start":{"line":15,"column":41},"end":{"line":15,"column":77}},"11":{"start":{"line":16,"column":69},"end":{"line":16,"column":88}},"12":{"start":{"line":18,"column":0},"end":{"line":43,"column":2}}},"fnMap":{},"branchMap":{},"s":{"0":1,"1":1,"2":1,"3":1,"4":1,"5":1,"6":1,"7":1,"8":1,"9":1,"10":1,"11":1,"12":1},"f":{},"b":{},"_coverageSchema":"1a1c01bbd47fc00a2c39e90264f33305004495a9","hash":"4fc4c66789f3fe67f9f6afa8e9471ef4f9a4ff98"}
,"/Users/pratikacharya/Desktop/untitled folder/edge-utils/src/cache/edge.js": {"path":"/Users/pratikacharya/Desktop/untitled folder/edge-utils/src/cache/edge.js","statementMap":{"0":{"start":{"line":5,"column":27},"end":{"line":5,"column":54}},"1":{"start":{"line":9,"column":4},"end":{"line":9,"column":37}},"2":{"start":{"line":13,"column":4},"end":{"line":37,"column":5}},"3":{"start":{"line":16,"column":8},"end":{"line":18,"column":9}},"4":{"start":{"line":17,"column":10},"end":{"line":17,"column":46}},"5":{"start":{"line":19,"column":8},"end":{"line":19,"column":14}},"6":{"start":{"line":22,"column":8},"end":{"line":24,"column":9}},"7":{"start":{"line":23,"column":10},"end":{"line":23,"column":54}},"8":{"start":{"line":25,"column":8},"end":{"line":25,"column":14}},"9":{"start":{"line":28,"column":8},"end":{"line":32,"column":9}},"10":{"start":{"line":29,"column":21},"end":{"line":29,"column":52}},"11":{"start":{"line":30,"column":25},"end":{"line":30,"column":44}},"12":{"start":{"line":31,"column":10},"end":{"line":31,"column":30}},"13":{"start":{"line":33,"column":8},"end":{"line":33,"column":14}},"14":{"start":{"line":36,"column":8},"end":{"line":36,"column":25}},"15":{"start":{"line":38,"column":4},"end":{"line":38,"column":21}},"16":{"start":{"line":42,"column":4},"end":{"line":62,"column":5}},"17":{"start":{"line":44,"column":8},"end":{"line":46,"column":9}},"18":{"start":{"line":45,"column":10},"end":{"line":45,"column":62}},"19":{"start":{"line":47,"column":8},"end":{"line":47,"column":14}},"20":{"start":{"line":49,"column":8},"end":{"line":51,"column":9}},"21":{"start":{"line":50,"column":10},"end":{"line":50,"column":54}},"22":{"start":{"line":52,"column":8},"end":{"line":52,"column":14}},"23":{"start":{"line":54,"column":8},"end":{"line":57,"column":9}},"24":{"start":{"line":55,"column":21},"end":{"line":55,"column":52}},"25":{"start":{"line":56,"column":10},"end":{"line":56,"column":37}},"26":{"start":{"line":58,"column":8},"end":{"line":58,"column":14}},"27":{"start":{"line":61,"column":8},"end":{"line":61,"column":14}},"28":{"start":{"line":66,"column":4},"end":{"line":86,"column":5}},"29":{"start":{"line":68,"column":8},"end":{"line":70,"column":9}},"30":{"start":{"line":69,"column":10},"end":{"line":69,"column":42}},"31":{"start":{"line":71,"column":8},"end":{"line":71,"column":14}},"32":{"start":{"line":73,"column":8},"end":{"line":75,"column":9}},"33":{"start":{"line":74,"column":10},"end":{"line":74,"column":47}},"34":{"start":{"line":76,"column":8},"end":{"line":76,"column":14}},"35":{"start":{"line":78,"column":8},"end":{"line":81,"column":9}},"36":{"start":{"line":79,"column":21},"end":{"line":79,"column":52}},"37":{"start":{"line":80,"column":10},"end":{"line":80,"column":33}},"38":{"start":{"line":82,"column":8},"end":{"line":82,"column":14}},"39":{"start":{"line":85,"column":8},"end":{"line":85,"column":14}},"40":{"start":{"line":90,"column":0},"end":{"line":90,"column":31}}},"fnMap":{"0":{"name":"(anonymous_0)","decl":{"start":{"line":8,"column":2},"end":{"line":8,"column":3}},"loc":{"start":{"line":8,"column":16},"end":{"line":10,"column":3}},"line":8},"1":{"name":"(anonymous_1)","decl":{"start":{"line":12,"column":2},"end":{"line":12,"column":3}},"loc":{"start":{"line":12,"column":17},"end":{"line":39,"column":3}},"line":12},"2":{"name":"(anonymous_2)","decl":{"start":{"line":41,"column":2},"end":{"line":41,"column":3}},"loc":{"start":{"line":41,"column":24},"end":{"line":63,"column":3}},"line":41},"3":{"name":"(anonymous_3)","decl":{"start":{"line":65,"column":2},"end":{"line":65,"column":3}},"loc":{"start":{"line":65,"column":20},"end":{"line":87,"column":3}},"line":65}},"branchMap":{"0":{"loc":{"start":{"line":13,"column":4},"end":{"line":37,"column":5}},"type":"switch","locations":[{"start":{"line":14,"column":6},"end":{"line":19,"column":14}},{"start":{"line":20,"column":6},"end":{"line":25,"column":14}},{"start":{"line":26,"column":6},"end":{"line":33,"column":14}},{"start":{"line":34,"column":6},"end":{"line":36,"column":25}}],"line":13},"1":{"loc":{"start":{"line":16,"column":8},"end":{"line":18,"column":9}},"type":"if","locations":[{"start":{"line":16,"column":8},"end":{"line":18,"column":9}},{"start":{},"end":{}}],"line":16},"2":{"loc":{"start":{"line":22,"column":8},"end":{"line":24,"column":9}},"type":"if","locations":[{"start":{"line":22,"column":8},"end":{"line":24,"column":9}},{"start":{},"end":{}}],"line":22},"3":{"loc":{"start":{"line":28,"column":8},"end":{"line":32,"column":9}},"type":"if","locations":[{"start":{"line":28,"column":8},"end":{"line":32,"column":9}},{"start":{},"end":{}}],"line":28},"4":{"loc":{"start":{"line":28,"column":12},"end":{"line":28,"column":72}},"type":"binary-expr","locations":[{"start":{"line":28,"column":12},"end":{"line":28,"column":50}},{"start":{"line":28,"column":54},"end":{"line":28,"column":72}}],"line":28},"5":{"loc":{"start":{"line":42,"column":4},"end":{"line":62,"column":5}},"type":"switch","locations":[{"start":{"line":43,"column":6},"end":{"line":47,"column":14}},{"start":{"line":48,"column":6},"end":{"line":52,"column":14}},{"start":{"line":53,"column":6},"end":{"line":58,"column":14}},{"start":{"line":59,"column":6},"end":{"line":61,"column":14}}],"line":42},"6":{"loc":{"start":{"line":44,"column":8},"end":{"line":46,"column":9}},"type":"if","locations":[{"start":{"line":44,"column":8},"end":{"line":46,"column":9}},{"start":{},"end":{}}],"line":44},"7":{"loc":{"start":{"line":49,"column":8},"end":{"line":51,"column":9}},"type":"if","locations":[{"start":{"line":49,"column":8},"end":{"line":51,"column":9}},{"start":{},"end":{}}],"line":49},"8":{"loc":{"start":{"line":54,"column":8},"end":{"line":57,"column":9}},"type":"if","locations":[{"start":{"line":54,"column":8},"end":{"line":57,"column":9}},{"start":{},"end":{}}],"line":54},"9":{"loc":{"start":{"line":54,"column":12},"end":{"line":54,"column":72}},"type":"binary-expr","locations":[{"start":{"line":54,"column":12},"end":{"line":54,"column":50}},{"start":{"line":54,"column":54},"end":{"line":54,"column":72}}],"line":54},"10":{"loc":{"start":{"line":66,"column":4},"end":{"line":86,"column":5}},"type":"switch","locations":[{"start":{"line":67,"column":6},"end":{"line":71,"column":14}},{"start":{"line":72,"column":6},"end":{"line":76,"column":14}},{"start":{"line":77,"column":6},"end":{"line":82,"column":14}},{"start":{"line":83,"column":6},"end":{"line":85,"column":14}}],"line":66},"11":{"loc":{"start":{"line":68,"column":8},"end":{"line":70,"column":9}},"type":"if","locations":[{"start":{"line":68,"column":8},"end":{"line":70,"column":9}},{"start":{},"end":{}}],"line":68},"12":{"loc":{"start":{"line":73,"column":8},"end":{"line":75,"column":9}},"type":"if","locations":[{"start":{"line":73,"column":8},"end":{"line":75,"column":9}},{"start":{},"end":{}}],"line":73},"13":{"loc":{"start":{"line":78,"column":8},"end":{"line":81,"column":9}},"type":"if","locations":[{"start":{"line":78,"column":8},"end":{"line":81,"column":9}},{"start":{},"end":{}}],"line":78},"14":{"loc":{"start":{"line":78,"column":12},"end":{"line":78,"column":72}},"type":"binary-expr","locations":[{"start":{"line":78,"column":12},"end":{"line":78,"column":50}},{"start":{"line":78,"column":54},"end":{"line":78,"column":72}}],"line":78}},"s":{"0":2,"1":2,"2":1,"3":0,"4":0,"5":0,"6":0,"7":0,"8":0,"9":0,"10":0,"11":0,"12":0,"13":0,"14":1,"15":0,"16":0,"17":0,"18":0,"19":0,"20":0,"21":0,"22":0,"23":0,"24":0,"25":0,"26":0,"27":0,"28":0,"29":0,"30":0,"31":0,"32":0,"33":0,"34":0,"35":0,"36":0,"37":0,"38":0,"39":0,"40":2},"f":{"0":2,"1":1,"2":0,"3":0},"b":{"0":[0,0,0,1],"1":[0,0],"2":[0,0],"3":[0,0],"4":[0,0],"5":[0,0,0,0],"6":[0,0],"7":[0,0],"8":[0,0],"9":[0,0],"10":[0,0,0,0],"11":[0,0],"12":[0,0],"13":[0,0],"14":[0,0]},"_coverageSchema":"1a1c01bbd47fc00a2c39e90264f33305004495a9","hash":"1fbe6abb15329cd3fd855f6e56a36ff094cebe0b"}
,"/Users/pratikacharya/Desktop/untitled folder/edge-utils/src/cache/memory.js": {"path":"/Users/pratikacharya/Desktop/untitled folder/edge-utils/src/cache/memory.js","statementMap":{"0":{"start":{"line":7,"column":4},"end":{"line":7,"column":27}},"1":{"start":{"line":8,"column":4},"end":{"line":8,"column":43}},"2":{"start":{"line":9,"column":4},"end":{"line":9,"column":34}},"3":{"start":{"line":13,"column":18},"end":{"line":13,"column":37}},"4":{"start":{"line":14,"column":4},"end":{"line":14,"column":33}},"5":{"start":{"line":14,"column":16},"end":{"line":14,"column":33}},"6":{"start":{"line":15,"column":4},"end":{"line":18,"column":5}},"7":{"start":{"line":16,"column":6},"end":{"line":16,"column":29}},"8":{"start":{"line":17,"column":6},"end":{"line":17,"column":23}},"9":{"start":{"line":19,"column":4},"end":{"line":19,"column":23}},"10":{"start":{"line":23,"column":4},"end":{"line":25,"column":5}},"11":{"start":{"line":24,"column":6},"end":{"line":24,"column":19}},"12":{"start":{"line":26,"column":4},"end":{"line":29,"column":7}},"13":{"start":{"line":33,"column":4},"end":{"line":33,"column":27}},"14":{"start":{"line":37,"column":4},"end":{"line":37,"column":23}},"15":{"start":{"line":42,"column":17},"end":{"line":42,"column":46}},"16":{"start":{"line":43,"column":4},"end":{"line":45,"column":5}},"17":{"start":{"line":44,"column":6},"end":{"line":44,"column":33}},"18":{"start":{"line":49,"column":0},"end":{"line":49,"column":33}}},"fnMap":{"0":{"name":"(anonymous_0)","decl":{"start":{"line":6,"column":2},"end":{"line":6,"column":3}},"loc":{"start":{"line":6,"column":28},"end":{"line":10,"column":3}},"line":6},"1":{"name":"(anonymous_1)","decl":{"start":{"line":12,"column":2},"end":{"line":12,"column":3}},"loc":{"start":{"line":12,"column":11},"end":{"line":20,"column":3}},"line":12},"2":{"name":"(anonymous_2)","decl":{"start":{"line":22,"column":2},"end":{"line":22,"column":3}},"loc":{"start":{"line":22,"column":18},"end":{"line":30,"column":3}},"line":22},"3":{"name":"(anonymous_3)","decl":{"start":{"line":32,"column":2},"end":{"line":32,"column":3}},"loc":{"start":{"line":32,"column":14},"end":{"line":34,"column":3}},"line":32},"4":{"name":"(anonymous_4)","decl":{"start":{"line":36,"column":2},"end":{"line":36,"column":3}},"loc":{"start":{"line":36,"column":10},"end":{"line":38,"column":3}},"line":36},"5":{"name":"(anonymous_5)","decl":{"start":{"line":40,"column":2},"end":{"line":40,"column":3}},"loc":{"start":{"line":40,"column":10},"end":{"line":46,"column":3}},"line":40}},"branchMap":{"0":{"loc":{"start":{"line":6,"column":14},"end":{"line":6,"column":26}},"type":"default-arg","locations":[{"start":{"line":6,"column":24},"end":{"line":6,"column":26}}],"line":6},"1":{"loc":{"start":{"line":8,"column":19},"end":{"line":8,"column":42}},"type":"binary-expr","locations":[{"start":{"line":8,"column":19},"end":{"line":8,"column":34}},{"start":{"line":8,"column":38},"end":{"line":8,"column":42}}],"line":8},"2":{"loc":{"start":{"line":9,"column":15},"end":{"line":9,"column":33}},"type":"binary-expr","locations":[{"start":{"line":9,"column":15},"end":{"line":9,"column":26}},{"start":{"line":9,"column":30},"end":{"line":9,"column":33}}],"line":9},"3":{"loc":{"start":{"line":14,"column":4},"end":{"line":14,"column":33}},"type":"if","locations":[{"start":{"line":14,"column":4},"end":{"line":14,"column":33}},{"start":{},"end":{}}],"line":14},"4":{"loc":{"start":{"line":15,"column":4},"end":{"line":18,"column":5}},"type":"if","locations":[{"start":{"line":15,"column":4},"end":{"line":18,"column":5}},{"start":{},"end":{}}],"line":15},"5":{"loc":{"start":{"line":23,"column":4},"end":{"line":25,"column":5}},"type":"if","locations":[{"start":{"line":23,"column":4},"end":{"line":25,"column":5}},{"start":{},"end":{}}],"line":23},"6":{"loc":{"start":{"line":43,"column":4},"end":{"line":45,"column":5}},"type":"if","locations":[{"start":{"line":43,"column":4},"end":{"line":45,"column":5}},{"start":{},"end":{}}],"line":43}},"s":{"0":4,"1":4,"2":4,"3":3,"4":3,"5":1,"6":2,"7":1,"8":1,"9":1,"10":5,"11":1,"12":5,"13":0,"14":0,"15":1,"16":1,"17":1,"18":1},"f":{"0":4,"1":3,"2":5,"3":0,"4":0,"5":1},"b":{"0":[0],"1":[4,3],"2":[4,1],"3":[1,2],"4":[1,1],"5":[1,4],"6":[1,0]},"_coverageSchema":"1a1c01bbd47fc00a2c39e90264f33305004495a9","hash":"4f0d3b98b7b31f1bd16b17a63f343408c0d6461e"}
,"/Users/pratikacharya/Desktop/untitled folder/edge-utils/src/cache/strategies.js": {"path":"/Users/pratikacharya/Desktop/untitled folder/edge-utils/src/cache/strategies.js","statementMap":{"0":{"start":{"line":6,"column":19},"end":{"line":13,"column":4}},"1":{"start":{"line":7,"column":4},"end":{"line":12,"column":5}},"2":{"start":{"line":8,"column":20},"end":{"line":8,"column":38}},"3":{"start":{"line":9,"column":6},"end":{"line":9,"column":34}},"4":{"start":{"line":11,"column":6},"end":{"line":11,"column":67}},"5":{"start":{"line":14,"column":2},"end":{"line":14,"column":30}},"6":{"start":{"line":19,"column":2},"end":{"line":25,"column":3}},"7":{"start":{"line":20,"column":4},"end":{"line":24,"column":5}},"8":{"start":{"line":21,"column":6},"end":{"line":23,"column":7}},"9":{"start":{"line":22,"column":8},"end":{"line":22,"column":26}},"10":{"start":{"line":29,"column":0},"end":{"line":29,"column":53}}},"fnMap":{"0":{"name":"cacheWarming","decl":{"start":{"line":5,"column":15},"end":{"line":5,"column":27}},"loc":{"start":{"line":5,"column":50},"end":{"line":15,"column":1}},"line":5},"1":{"name":"(anonymous_1)","decl":{"start":{"line":6,"column":28},"end":{"line":6,"column":29}},"loc":{"start":{"line":6,"column":41},"end":{"line":13,"column":3}},"line":6},"2":{"name":"cacheInvalidation","decl":{"start":{"line":17,"column":9},"end":{"line":17,"column":26}},"loc":{"start":{"line":17,"column":43},"end":{"line":27,"column":1}},"line":17}},"branchMap":{"0":{"loc":{"start":{"line":19,"column":2},"end":{"line":25,"column":3}},"type":"if","locations":[{"start":{"line":19,"column":2},"end":{"line":25,"column":3}},{"start":{},"end":{}}],"line":19},"1":{"loc":{"start":{"line":19,"column":6},"end":{"line":19,"column":59}},"type":"binary-expr","locations":[{"start":{"line":19,"column":6},"end":{"line":19,"column":17}},{"start":{"line":19,"column":21},"end":{"line":19,"column":59}}],"line":19},"2":{"loc":{"start":{"line":21,"column":6},"end":{"line":23,"column":7}},"type":"if","locations":[{"start":{"line":21,"column":6},"end":{"line":23,"column":7}},{"start":{},"end":{}}],"line":21}},"s":{"0":0,"1":0,"2":0,"3":0,"4":0,"5":0,"6":0,"7":0,"8":0,"9":0,"10":1},"f":{"0":0,"1":0,"2":0},"b":{"0":[0,0],"1":[0,0],"2":[0,0]},"_coverageSchema":"1a1c01bbd47fc00a2c39e90264f33305004495a9","hash":"e61ee6b8c0f72211e22dced6207b33b5250af7e3"}
,"/Users/pratikacharya/Desktop/untitled folder/edge-utils/src/core/handler.js": {"path":"/Users/pratikacharya/Desktop/untitled folder/edge-utils/src/core/handler.js","statementMap":{"0":{"start":{"line":5,"column":27},"end":{"line":5,"column":48}},"1":{"start":{"line":6,"column":41},"end":{"line":6,"column":59}},"2":{"start":{"line":9,"column":2},"end":{"line":17,"column":4}},"3":{"start":{"line":10,"column":21},"end":{"line":10,"column":37}},"4":{"start":{"line":12,"column":24},"end":{"line":12,"column":45}},"5":{"start":{"line":14,"column":17},"end":{"line":14,"column":41}},"6":{"start":{"line":16,"column":4},"end":{"line":16,"column":66}},"7":{"start":{"line":20,"column":0},"end":{"line":20,"column":39}}},"fnMap":{"0":{"name":"createEdgeHandler","decl":{"start":{"line":8,"column":9},"end":{"line":8,"column":26}},"loc":{"start":{"line":8,"column":41},"end":{"line":18,"column":1}},"line":8},"1":{"name":"handler","decl":{"start":{"line":9,"column":24},"end":{"line":9,"column":31}},"loc":{"start":{"line":9,"column":50},"end":{"line":17,"column":3}},"line":9}},"branchMap":{"0":{"loc":{"start":{"line":8,"column":27},"end":{"line":8,"column":39}},"type":"default-arg","locations":[{"start":{"line":8,"column":37},"end":{"line":8,"column":39}}],"line":8}},"s":{"0":1,"1":1,"2":0,"3":0,"4":0,"5":0,"6":0,"7":1},"f":{"0":0,"1":0},"b":{"0":[0]},"_coverageSchema":"1a1c01bbd47fc00a2c39e90264f33305004495a9","hash":"8331c8c03959c9d189941dbf1eff6eb5f6cec126"}
,"/Users/pratikacharya/Desktop/untitled folder/edge-utils/src/core/platform.js": {"path":"/Users/pratikacharya/Desktop/untitled folder/edge-utils/src/core/platform.js","statementMap":{"0":{"start":{"line":6,"column":2},"end":{"line":6,"column":60}},"1":{"start":{"line":6,"column":46},"end":{"line":6,"column":60}},"2":{"start":{"line":7,"column":2},"end":{"line":7,"column":69}},"3":{"start":{"line":7,"column":53},"end":{"line":7,"column":69}},"4":{"start":{"line":8,"column":2},"end":{"line":8,"column":75}},"5":{"start":{"line":8,"column":55},"end":{"line":8,"column":75}},"6":{"start":{"line":9,"column":2},"end":{"line":9,"column":58}},"7":{"start":{"line":9,"column":45},"end":{"line":9,"column":58}},"8":{"start":{"line":10,"column":2},"end":{"line":10,"column":99}},"9":{"start":{"line":10,"column":86},"end":{"line":10,"column":99}},"10":{"start":{"line":11,"column":2},"end":{"line":11,"column":19}},"11":{"start":{"line":15,"column":2},"end":{"line":15,"column":43}},"12":{"start":{"line":19,"column":2},"end":{"line":19,"column":39}},"13":{"start":{"line":22,"column":0},"end":{"line":22,"column":70}}},"fnMap":{"0":{"name":"detectPlatform","decl":{"start":{"line":5,"column":9},"end":{"line":5,"column":23}},"loc":{"start":{"line":5,"column":26},"end":{"line":12,"column":1}},"line":5},"1":{"name":"isCloudflareWorker","decl":{"start":{"line":14,"column":9},"end":{"line":14,"column":27}},"loc":{"start":{"line":14,"column":30},"end":{"line":16,"column":1}},"line":14},"2":{"name":"isVercelEdge","decl":{"start":{"line":18,"column":9},"end":{"line":18,"column":21}},"loc":{"start":{"line":18,"column":24},"end":{"line":20,"column":1}},"line":18}},"branchMap":{"0":{"loc":{"start":{"line":6,"column":2},"end":{"line":6,"column":60}},"type":"if","locations":[{"start":{"line":6,"column":2},"end":{"line":6,"column":60}},{"start":{},"end":{}}],"line":6},"1":{"loc":{"start":{"line":7,"column":2},"end":{"line":7,"column":69}},"type":"if","locations":[{"start":{"line":7,"column":2},"end":{"line":7,"column":69}},{"start":{},"end":{}}],"line":7},"2":{"loc":{"start":{"line":8,"column":2},"end":{"line":8,"column":75}},"type":"if","locations":[{"start":{"line":8,"column":2},"end":{"line":8,"column":75}},{"start":{},"end":{}}],"line":8},"3":{"loc":{"start":{"line":9,"column":2},"end":{"line":9,"column":58}},"type":"if","locations":[{"start":{"line":9,"column":2},"end":{"line":9,"column":58}},{"start":{},"end":{}}],"line":9},"4":{"loc":{"start":{"line":10,"column":2},"end":{"line":10,"column":99}},"type":"if","locations":[{"start":{"line":10,"column":2},"end":{"line":10,"column":99}},{"start":{},"end":{}}],"line":10},"5":{"loc":{"start":{"line":10,"column":6},"end":{"line":10,"column":84}},"type":"binary-expr","locations":[{"start":{"line":10,"column":6},"end":{"line":10,"column":36}},{"start":{"line":10,"column":40},"end":{"line":10,"column":51}},{"start":{"line":10,"column":55},"end":{"line":10,"column":84}}],"line":10}},"s":{"0":6,"1":0,"2":6,"3":0,"4":6,"5":0,"6":6,"7":0,"8":6,"9":0,"10":6,"11":1,"12":1,"13":3},"f":{"0":6,"1":1,"2":1},"b":{"0":[0,6],"1":[0,6],"2":[0,6],"3":[0,6],"4":[0,6],"5":[6,6,6]},"_coverageSchema":"1a1c01bbd47fc00a2c39e90264f33305004495a9","hash":"fdb911354c6ad6de616139c0abc948d3adeb75e9"}
,"/Users/pratikacharya/Desktop/untitled folder/edge-utils/src/core/utils.js": {"path":"/Users/pratikacharya/Desktop/untitled folder/edge-utils/src/core/utils.js","statementMap":{"0":{"start":{"line":6,"column":22},"end":{"line":6,"column":63}},"1":{"start":{"line":7,"column":2},"end":{"line":9,"column":3}},"2":{"start":{"line":8,"column":4},"end":{"line":8,"column":32}},"3":{"start":{"line":10,"column":2},"end":{"line":18,"column":3}},"4":{"start":{"line":11,"column":17},"end":{"line":11,"column":37}},"5":{"start":{"line":12,"column":19},"end":{"line":12,"column":44}},"6":{"start":{"line":13,"column":19},"end":{"line":13,"column":21}},"7":{"start":{"line":14,"column":4},"end":{"line":16,"column":5}},"8":{"start":{"line":15,"column":6},"end":{"line":15,"column":26}},"9":{"start":{"line":17,"column":4},"end":{"line":17,"column":18}},"10":{"start":{"line":19,"column":2},"end":{"line":21,"column":3}},"11":{"start":{"line":20,"column":4},"end":{"line":20,"column":32}},"12":{"start":{"line":22,"column":2},"end":{"line":22,"column":14}},"13":{"start":{"line":26,"column":2},"end":{"line":32,"column":5}},"14":{"start":{"line":36,"column":2},"end":{"line":42,"column":5}},"15":{"start":{"line":46,"column":2},"end":{"line":51,"column":5}},"16":{"start":{"line":55,"column":2},"end":{"line":55,"column":23}},"17":{"start":{"line":55,"column":13},"end":{"line":55,"column":23}},"18":{"start":{"line":56,"column":2},"end":{"line":59,"column":4}},"19":{"start":{"line":62,"column":0},"end":{"line":62,"column":76}}},"fnMap":{"0":{"name":"parseBody","decl":{"start":{"line":5,"column":15},"end":{"line":5,"column":24}},"loc":{"start":{"line":5,"column":34},"end":{"line":23,"column":1}},"line":5},"1":{"name":"sendJson","decl":{"start":{"line":25,"column":9},"end":{"line":25,"column":17}},"loc":{"start":{"line":25,"column":35},"end":{"line":33,"column":1}},"line":25},"2":{"name":"sendRedirect","decl":{"start":{"line":35,"column":9},"end":{"line":35,"column":21}},"loc":{"start":{"line":35,"column":52},"end":{"line":43,"column":1}},"line":35},"3":{"name":"sendStream","decl":{"start":{"line":45,"column":9},"end":{"line":45,"column":19}},"loc":{"start":{"line":45,"column":39},"end":{"line":52,"column":1}},"line":45},"4":{"name":"setCors","decl":{"start":{"line":54,"column":9},"end":{"line":54,"column":16}},"loc":{"start":{"line":54,"column":23},"end":{"line":60,"column":1}},"line":54}},"branchMap":{"0":{"loc":{"start":{"line":6,"column":22},"end":{"line":6,"column":63}},"type":"binary-expr","locations":[{"start":{"line":6,"column":22},"end":{"line":6,"column":57}},{"start":{"line":6,"column":61},"end":{"line":6,"column":63}}],"line":6},"1":{"loc":{"start":{"line":7,"column":2},"end":{"line":9,"column":3}},"type":"if","locations":[{"start":{"line":7,"column":2},"end":{"line":9,"column":3}},{"start":{},"end":{}}],"line":7},"2":{"loc":{"start":{"line":10,"column":2},"end":{"line":18,"column":3}},"type":"if","locations":[{"start":{"line":10,"column":2},"end":{"line":18,"column":3}},{"start":{},"end":{}}],"line":10},"3":{"loc":{"start":{"line":19,"column":2},"end":{"line":21,"column":3}},"type":"if","locations":[{"start":{"line":19,"column":2},"end":{"line":21,"column":3}},{"start":{},"end":{}}],"line":19},"4":{"loc":{"start":{"line":25,"column":24},"end":{"line":25,"column":33}},"type":"default-arg","locations":[{"start":{"line":25,"column":31},"end":{"line":25,"column":33}}],"line":25},"5":{"loc":{"start":{"line":30,"column":10},"end":{"line":30,"column":28}},"type":"binary-expr","locations":[{"start":{"line":30,"column":10},"end":{"line":30,"column":22}},{"start":{"line":30,"column":26},"end":{"line":30,"column":28}}],"line":30},"6":{"loc":{"start":{"line":35,"column":27},"end":{"line":35,"column":39}},"type":"default-arg","locations":[{"start":{"line":35,"column":36},"end":{"line":35,"column":39}}],"line":35},"7":{"loc":{"start":{"line":35,"column":41},"end":{"line":35,"column":50}},"type":"default-arg","locations":[{"start":{"line":35,"column":48},"end":{"line":35,"column":50}}],"line":35},"8":{"loc":{"start":{"line":40,"column":10},"end":{"line":40,"column":28}},"type":"binary-expr","locations":[{"start":{"line":40,"column":10},"end":{"line":40,"column":22}},{"start":{"line":40,"column":26},"end":{"line":40,"column":28}}],"line":40},"9":{"loc":{"start":{"line":45,"column":28},"end":{"line":45,"column":37}},"type":"default-arg","locations":[{"start":{"line":45,"column":35},"end":{"line":45,"column":37}}],"line":45},"10":{"loc":{"start":{"line":49,"column":10},"end":{"line":49,"column":28}},"type":"binary-expr","locations":[{"start":{"line":49,"column":10},"end":{"line":49,"column":22}},{"start":{"line":49,"column":26},"end":{"line":49,"column":28}}],"line":49},"11":{"loc":{"start":{"line":55,"column":2},"end":{"line":55,"column":23}},"type":"if","locations":[{"start":{"line":55,"column":2},"end":{"line":55,"column":23}},{"start":{},"end":{}}],"line":55},"12":{"loc":{"start":{"line":57,"column":36},"end":{"line":57,"column":57}},"type":"binary-expr","locations":[{"start":{"line":57,"column":36},"end":{"line":57,"column":48}},{"start":{"line":57,"column":52},"end":{"line":57,"column":57}}],"line":57},"13":{"loc":{"start":{"line":58,"column":37},"end":{"line":58,"column":68}},"type":"binary-expr","locations":[{"start":{"line":58,"column":37},"end":{"line":58,"column":49}},{"start":{"line":58,"column":53},"end":{"line":58,"column":68}}],"line":58}},"s":{"0":3,"1":3,"2":1,"3":2,"4":1,"5":1,"6":1,"7":1,"8":2,"9":1,"10":1,"11":1,"12":0,"13":1,"14":0,"15":0,"16":1,"17":0,"18":1,"19":2},"f":{"0":3,"1":1,"2":0,"3":0,"4":1},"b":{"0":[3,0],"1":[1,2],"2":[1,1],"3":[1,0],"4":[1],"5":[1,1],"6":[0],"7":[0],"8":[0,0],"9":[0],"10":[0,0],"11":[0,1],"12":[1,0],"13":[1,0]},"_coverageSchema":"1a1c01bbd47fc00a2c39e90264f33305004495a9","hash":"c8c255d3f4a69b473ee78055838c976db12be541"}
,"/Users/pratikacharya/Desktop/untitled folder/edge-utils/src/geo/detection.js": {"path":"/Users/pratikacharya/Desktop/untitled folder/edge-utils/src/geo/detection.js","statementMap":{"0":{"start":{"line":6,"column":2},"end":{"line":11,"column":4}},"1":{"start":{"line":15,"column":18},"end":{"line":15,"column":37}},"2":{"start":{"line":16,"column":20},"end":{"line":26,"column":3}},"3":{"start":{"line":27,"column":2},"end":{"line":27,"column":55}},"4":{"start":{"line":30,"column":0},"end":{"line":30,"column":43}}},"fnMap":{"0":{"name":"getCountry","decl":{"start":{"line":5,"column":9},"end":{"line":5,"column":19}},"loc":{"start":{"line":5,"column":29},"end":{"line":12,"column":1}},"line":5},"1":{"name":"getRegion","decl":{"start":{"line":14,"column":9},"end":{"line":14,"column":18}},"loc":{"start":{"line":14,"column":28},"end":{"line":28,"column":1}},"line":14}},"branchMap":{"0":{"loc":{"start":{"line":7,"column":4},"end":{"line":10,"column":13}},"type":"binary-expr","locations":[{"start":{"line":7,"column":4},"end":{"line":7,"column":31}},{"start":{"line":8,"column":4},"end":{"line":8,"column":38}},{"start":{"line":9,"column":4},"end":{"line":9,"column":32}},{"start":{"line":10,"column":4},"end":{"line":10,"column":13}}],"line":7},"1":{"loc":{"start":{"line":27,"column":9},"end":{"line":27,"column":54}},"type":"binary-expr","locations":[{"start":{"line":27,"column":9},"end":{"line":27,"column":41}},{"start":{"line":27,"column":45},"end":{"line":27,"column":54}}],"line":27}},"s":{"0":0,"1":0,"2":0,"3":0,"4":1},"f":{"0":0,"1":0},"b":{"0":[0,0,0,0],"1":[0,0]},"_coverageSchema":"1a1c01bbd47fc00a2c39e90264f33305004495a9","hash":"ae9beeb6bf90dd208263fa2430cd6e8c36c3aeed"}
,"/Users/pratikacharya/Desktop/untitled folder/edge-utils/src/geo/nearest.js": {"path":"/Users/pratikacharya/Desktop/untitled folder/edge-utils/src/geo/nearest.js","statementMap":{"0":{"start":{"line":6,"column":2},"end":{"line":8,"column":3}},"1":{"start":{"line":7,"column":4},"end":{"line":7,"column":22}},"2":{"start":{"line":10,"column":2},"end":{"line":10,"column":37}},"3":{"start":{"line":15,"column":20},"end":{"line":19,"column":3}},"4":{"start":{"line":20,"column":2},"end":{"line":20,"column":97}},"5":{"start":{"line":24,"column":16},"end":{"line":24,"column":35}},"6":{"start":{"line":25,"column":20},"end":{"line":25,"column":58}},"7":{"start":{"line":26,"column":2},"end":{"line":32,"column":3}},"8":{"start":{"line":27,"column":21},"end":{"line":27,"column":58}},"9":{"start":{"line":28,"column":4},"end":{"line":31,"column":5}},"10":{"start":{"line":29,"column":6},"end":{"line":29,"column":29}},"11":{"start":{"line":30,"column":6},"end":{"line":30,"column":23}},"12":{"start":{"line":33,"column":2},"end":{"line":33,"column":17}},"13":{"start":{"line":36,"column":0},"end":{"line":36,"column":60}}},"fnMap":{"0":{"name":"nearestRegion","decl":{"start":{"line":5,"column":9},"end":{"line":5,"column":22}},"loc":{"start":{"line":5,"column":53},"end":{"line":11,"column":1}},"line":5},"1":{"name":"calculateDistance","decl":{"start":{"line":13,"column":9},"end":{"line":13,"column":26}},"loc":{"start":{"line":13,"column":45},"end":{"line":21,"column":1}},"line":13},"2":{"name":"nearestRegionByDistance","decl":{"start":{"line":23,"column":9},"end":{"line":23,"column":32}},"loc":{"start":{"line":23,"column":63},"end":{"line":34,"column":1}},"line":23}},"branchMap":{"0":{"loc":{"start":{"line":6,"column":2},"end":{"line":8,"column":3}},"type":"if","locations":[{"start":{"line":6,"column":2},"end":{"line":8,"column":3}},{"start":{},"end":{}}],"line":6},"1":{"loc":{"start":{"line":10,"column":9},"end":{"line":10,"column":36}},"type":"binary-expr","locations":[{"start":{"line":10,"column":9},"end":{"line":10,"column":28}},{"start":{"line":10,"column":32},"end":{"line":10,"column":36}}],"line":10},"2":{"loc":{"start":{"line":20,"column":9},"end":{"line":20,"column":96}},"type":"cond-expr","locations":[{"start":{"line":20,"column":61},"end":{"line":20,"column":88}},{"start":{"line":20,"column":91},"end":{"line":20,"column":96}}],"line":20},"3":{"loc":{"start":{"line":20,"column":9},"end":{"line":20,"column":58}},"type":"binary-expr","locations":[{"start":{"line":20,"column":9},"end":{"line":20,"column":27}},{"start":{"line":20,"column":31},"end":{"line":20,"column":58}}],"line":20},"4":{"loc":{"start":{"line":28,"column":4},"end":{"line":31,"column":5}},"type":"if","locations":[{"start":{"line":28,"column":4},"end":{"line":31,"column":5}},{"start":{},"end":{}}],"line":28}},"s":{"0":0,"1":0,"2":0,"3":0,"4":0,"5":0,"6":0,"7":0,"8":0,"9":0,"10":0,"11":0,"12":0,"13":1},"f":{"0":0,"1":0,"2":0},"b":{"0":[0,0],"1":[0,0],"2":[0,0],"3":[0,0],"4":[0,0]},"_coverageSchema":"1a1c01bbd47fc00a2c39e90264f33305004495a9","hash":"0aa0465b45636c9a2b8955dc897de9981608da58"}
,"/Users/pratikacharya/Desktop/untitled folder/edge-utils/src/geo/routing.js": {"path":"/Users/pratikacharya/Desktop/untitled folder/edge-utils/src/geo/routing.js","statementMap":{"0":{"start":{"line":6,"column":18},"end":{"line":6,"column":37}},"1":{"start":{"line":8,"column":20},"end":{"line":17,"column":3}},"2":{"start":{"line":18,"column":23},"end":{"line":18,"column":63}},"3":{"start":{"line":19,"column":2},"end":{"line":19,"column":68}},"4":{"start":{"line":23,"column":2},"end":{"line":28,"column":4}},"5":{"start":{"line":31,"column":0},"end":{"line":31,"column":42}}},"fnMap":{"0":{"name":"geoRoute","decl":{"start":{"line":5,"column":9},"end":{"line":5,"column":17}},"loc":{"start":{"line":5,"column":36},"end":{"line":20,"column":1}},"line":5},"1":{"name":"getCountry","decl":{"start":{"line":22,"column":9},"end":{"line":22,"column":19}},"loc":{"start":{"line":22,"column":29},"end":{"line":29,"column":1}},"line":22}},"branchMap":{"0":{"loc":{"start":{"line":18,"column":23},"end":{"line":18,"column":63}},"type":"binary-expr","locations":[{"start":{"line":18,"column":23},"end":{"line":18,"column":55}},{"start":{"line":18,"column":59},"end":{"line":18,"column":63}}],"line":18},"1":{"loc":{"start":{"line":19,"column":9},"end":{"line":19,"column":67}},"type":"cond-expr","locations":[{"start":{"line":19,"column":42},"end":{"line":19,"column":54}},{"start":{"line":19,"column":57},"end":{"line":19,"column":67}}],"line":19},"2":{"loc":{"start":{"line":24,"column":4},"end":{"line":27,"column":13}},"type":"binary-expr","locations":[{"start":{"line":24,"column":4},"end":{"line":24,"column":31}},{"start":{"line":25,"column":4},"end":{"line":25,"column":38}},{"start":{"line":26,"column":4},"end":{"line":26,"column":32}},{"start":{"line":27,"column":4},"end":{"line":27,"column":13}}],"line":24}},"s":{"0":1,"1":1,"2":1,"3":1,"4":3,"5":2},"f":{"0":1,"1":3},"b":{"0":[1,0],"1":[1,0],"2":[3,1,1,1]},"_coverageSchema":"1a1c01bbd47fc00a2c39e90264f33305004495a9","hash":"84d27bd3b30f72b92a597fdf4e18396a0a48f994"}
,"/Users/pratikacharya/Desktop/untitled folder/edge-utils/src/performance/cold-start.js": {"path":"/Users/pratikacharya/Desktop/untitled folder/edge-utils/src/performance/cold-start.js","statementMap":{"0":{"start":{"line":5,"column":18},"end":{"line":5,"column":23}},"1":{"start":{"line":8,"column":2},"end":{"line":11,"column":3}},"2":{"start":{"line":9,"column":4},"end":{"line":9,"column":11}},"3":{"start":{"line":10,"column":4},"end":{"line":10,"column":23}},"4":{"start":{"line":15,"column":2},"end":{"line":18,"column":17}},"5":{"start":{"line":17,"column":4},"end":{"line":17,"column":33}},"6":{"start":{"line":21,"column":0},"end":{"line":21,"column":50}}},"fnMap":{"0":{"name":"minimizeColdStart","decl":{"start":{"line":7,"column":9},"end":{"line":7,"column":26}},"loc":{"start":{"line":7,"column":33},"end":{"line":12,"column":1}},"line":7},"1":{"name":"keepAlive","decl":{"start":{"line":14,"column":9},"end":{"line":14,"column":18}},"loc":{"start":{"line":14,"column":40},"end":{"line":19,"column":1}},"line":14},"2":{"name":"(anonymous_2)","decl":{"start":{"line":15,"column":14},"end":{"line":15,"column":15}},"loc":{"start":{"line":15,"column":20},"end":{"line":18,"column":3}},"line":15}},"branchMap":{"0":{"loc":{"start":{"line":8,"column":2},"end":{"line":11,"column":3}},"type":"if","locations":[{"start":{"line":8,"column":2},"end":{"line":11,"column":3}},{"start":{},"end":{}}],"line":8},"1":{"loc":{"start":{"line":14,"column":19},"end":{"line":14,"column":38}},"type":"default-arg","locations":[{"start":{"line":14,"column":32},"end":{"line":14,"column":38}}],"line":14}},"s":{"0":2,"1":2,"2":1,"3":1,"4":0,"5":0,"6":2},"f":{"0":2,"1":0,"2":0},"b":{"0":[1,1],"1":[0]},"_coverageSchema":"1a1c01bbd47fc00a2c39e90264f33305004495a9","hash":"598afbb556f163dcf322f52791e637f978c0ae39"}
,"/Users/pratikacharya/Desktop/untitled folder/edge-utils/src/performance/compression.js": {"path":"/Users/pratikacharya/Desktop/untitled folder/edge-utils/src/performance/compression.js","statementMap":{"0":{"start":{"line":6,"column":2},"end":{"line":20,"column":3}},"1":{"start":{"line":7,"column":19},"end":{"line":7,"column":48}},"2":{"start":{"line":8,"column":19},"end":{"line":8,"column":46}},"3":{"start":{"line":9,"column":19},"end":{"line":9,"column":46}},"4":{"start":{"line":10,"column":4},"end":{"line":10,"column":23}},"5":{"start":{"line":11,"column":4},"end":{"line":11,"column":19}},"6":{"start":{"line":12,"column":19},"end":{"line":12,"column":21}},"7":{"start":{"line":13,"column":15},"end":{"line":13,"column":20}},"8":{"start":{"line":14,"column":4},"end":{"line":18,"column":5}},"9":{"start":{"line":15,"column":42},"end":{"line":15,"column":61}},"10":{"start":{"line":16,"column":6},"end":{"line":16,"column":24}},"11":{"start":{"line":17,"column":6},"end":{"line":17,"column":36}},"12":{"start":{"line":17,"column":17},"end":{"line":17,"column":36}},"13":{"start":{"line":19,"column":4},"end":{"line":19,"column":80}},"14":{"start":{"line":19,"column":56},"end":{"line":19,"column":74}},"15":{"start":{"line":22,"column":2},"end":{"line":22,"column":14}},"16":{"start":{"line":26,"column":2},"end":{"line":40,"column":3}},"17":{"start":{"line":27,"column":19},"end":{"line":27,"column":50}},"18":{"start":{"line":28,"column":19},"end":{"line":28,"column":46}},"19":{"start":{"line":29,"column":19},"end":{"line":29,"column":46}},"20":{"start":{"line":30,"column":4},"end":{"line":30,"column":23}},"21":{"start":{"line":31,"column":4},"end":{"line":31,"column":19}},"22":{"start":{"line":32,"column":19},"end":{"line":32,"column":21}},"23":{"start":{"line":33,"column":15},"end":{"line":33,"column":20}},"24":{"start":{"line":34,"column":4},"end":{"line":38,"column":5}},"25":{"start":{"line":35,"column":42},"end":{"line":35,"column":61}},"26":{"start":{"line":36,"column":6},"end":{"line":36,"column":24}},"27":{"start":{"line":37,"column":6},"end":{"line":37,"column":36}},"28":{"start":{"line":37,"column":17},"end":{"line":37,"column":36}},"29":{"start":{"line":39,"column":4},"end":{"line":39,"column":80}},"30":{"start":{"line":39,"column":56},"end":{"line":39,"column":74}},"31":{"start":{"line":42,"column":2},"end":{"line":42,"column":14}},"32":{"start":{"line":47,"column":2},"end":{"line":47,"column":14}},"33":{"start":{"line":50,"column":0},"end":{"line":50,"column":66}}},"fnMap":{"0":{"name":"compressGzip","decl":{"start":{"line":5,"column":15},"end":{"line":5,"column":27}},"loc":{"start":{"line":5,"column":34},"end":{"line":23,"column":1}},"line":5},"1":{"name":"(anonymous_1)","decl":{"start":{"line":19,"column":40},"end":{"line":19,"column":41}},"loc":{"start":{"line":19,"column":56},"end":{"line":19,"column":74}},"line":19},"2":{"name":"compressBrotli","decl":{"start":{"line":25,"column":15},"end":{"line":25,"column":29}},"loc":{"start":{"line":25,"column":36},"end":{"line":43,"column":1}},"line":25},"3":{"name":"(anonymous_3)","decl":{"start":{"line":39,"column":40},"end":{"line":39,"column":41}},"loc":{"start":{"line":39,"column":56},"end":{"line":39,"column":74}},"line":39},"4":{"name":"decompressGzip","decl":{"start":{"line":45,"column":9},"end":{"line":45,"column":23}},"loc":{"start":{"line":45,"column":30},"end":{"line":48,"column":1}},"line":45}},"branchMap":{"0":{"loc":{"start":{"line":6,"column":2},"end":{"line":20,"column":3}},"type":"if","locations":[{"start":{"line":6,"column":2},"end":{"line":20,"column":3}},{"start":{},"end":{}}],"line":6},"1":{"loc":{"start":{"line":17,"column":6},"end":{"line":17,"column":36}},"type":"if","locations":[{"start":{"line":17,"column":6},"end":{"line":17,"column":36}},{"start":{},"end":{}}],"line":17},"2":{"loc":{"start":{"line":26,"column":2},"end":{"line":40,"column":3}},"type":"if","locations":[{"start":{"line":26,"column":2},"end":{"line":40,"column":3}},{"start":{},"end":{}}],"line":26},"3":{"loc":{"start":{"line":37,"column":6},"end":{"line":37,"column":36}},"type":"if","locations":[{"start":{"line":37,"column":6},"end":{"line":37,"column":36}},{"start":{},"end":{}}],"line":37}},"s":{"0":0,"1":0,"2":0,"3":0,"4":0,"5":0,"6":0,"7":0,"8":0,"9":0,"10":0,"11":0,"12":0,"13":0,"14":0,"15":0,"16":0,"17":0,"18":0,"19":0,"20":0,"21":0,"22":0,"23":0,"24":0,"25":0,"26":0,"27":0,"28":0,"29":0,"30":0,"31":0,"32":0,"33":1},"f":{"0":0,"1":0,"2":0,"3":0,"4":0},"b":{"0":[0,0],"1":[0,0],"2":[0,0],"3":[0,0]},"_coverageSchema":"1a1c01bbd47fc00a2c39e90264f33305004495a9","hash":"8c0520388997061cb2dea427de0b8fd44b150682"}
,"/Users/pratikacharya/Desktop/untitled folder/edge-utils/src/performance/streaming.js": {"path":"/Users/pratikacharya/Desktop/untitled folder/edge-utils/src/performance/streaming.js","statementMap":{"0":{"start":{"line":6,"column":2},"end":{"line":9,"column":5}},"1":{"start":{"line":13,"column":2},"end":{"line":15,"column":3}},"2":{"start":{"line":14,"column":4},"end":{"line":14,"column":16}},"3":{"start":{"line":19,"column":2},"end":{"line":30,"column":5}},"4":{"start":{"line":21,"column":6},"end":{"line":28,"column":7}},"5":{"start":{"line":22,"column":8},"end":{"line":24,"column":9}},"6":{"start":{"line":23,"column":10},"end":{"line":23,"column":62}},"7":{"start":{"line":25,"column":8},"end":{"line":25,"column":27}},"8":{"start":{"line":27,"column":8},"end":{"line":27,"column":32}},"9":{"start":{"line":33,"column":0},"end":{"line":33,"column":74}}},"fnMap":{"0":{"name":"streamResponse","decl":{"start":{"line":5,"column":9},"end":{"line":5,"column":23}},"loc":{"start":{"line":5,"column":46},"end":{"line":10,"column":1}},"line":5},"1":{"name":"generateStream","decl":{"start":{"line":12,"column":16},"end":{"line":12,"column":30}},"loc":{"start":{"line":12,"column":37},"end":{"line":16,"column":1}},"line":12},"2":{"name":"createReadableStream","decl":{"start":{"line":18,"column":9},"end":{"line":18,"column":29}},"loc":{"start":{"line":18,"column":41},"end":{"line":31,"column":1}},"line":18},"3":{"name":"(anonymous_3)","decl":{"start":{"line":20,"column":4},"end":{"line":20,"column":5}},"loc":{"start":{"line":20,"column":28},"end":{"line":29,"column":5}},"line":20}},"branchMap":{"0":{"loc":{"start":{"line":5,"column":32},"end":{"line":5,"column":44}},"type":"default-arg","locations":[{"start":{"line":5,"column":42},"end":{"line":5,"column":44}}],"line":5}},"s":{"0":0,"1":0,"2":0,"3":0,"4":0,"5":0,"6":0,"7":0,"8":0,"9":1},"f":{"0":0,"1":0,"2":0,"3":0},"b":{"0":[0]},"_coverageSchema":"1a1c01bbd47fc00a2c39e90264f33305004495a9","hash":"5d1b168e5e4f3546a60ff6a1050fa97b168da342"}
}
