TN:
SF:src/errors.js
FN:6,(anonymous_0)
FN:13,handleError
FN:19,(anonymous_2)
FN:33,retryWithBackoff
FN:39,(anonymous_4)
FN:44,circuitBreaker
FN:49,(anonymous_6)
FNF:7
FNH:4
FNDA:1,(anonymous_0)
FNDA:2,handleError
FNDA:0,(anonymous_2)
FNDA:0,retryWithBackoff
FNDA:0,(anonymous_4)
FNDA:2,circuitBreaker
FNDA:4,(anonymous_6)
DA:7,1
DA:8,1
DA:9,1
DA:14,2
DA:15,0
DA:17,2
DA:19,0
DA:21,2
DA:22,1
DA:27,1
DA:34,0
DA:35,0
DA:36,0
DA:38,0
DA:39,0
DA:45,2
DA:46,2
DA:47,2
DA:49,2
DA:50,4
DA:51,1
DA:52,0
DA:54,1
DA:58,3
DA:59,3
DA:60,1
DA:61,0
DA:62,0
DA:64,1
DA:66,2
DA:67,2
DA:68,2
DA:69,1
DA:71,2
DA:76,2
LF:35
LH:25
BRDA:6,0,0,0
BRDA:13,1,0,1
BRDA:14,2,0,0
BRDA:14,2,1,2
BRDA:17,3,0,0
BRDA:17,3,1,2
BRDA:19,4,0,0
BRDA:19,4,1,0
BRDA:21,5,0,1
BRDA:21,5,1,1
BRDA:27,6,0,1
BRDA:27,6,1,0
BRDA:28,7,0,1
BRDA:28,7,1,1
BRDA:33,8,0,0
BRDA:38,9,0,0
BRDA:38,9,1,0
BRDA:44,10,0,1
BRDA:44,11,0,2
BRDA:50,12,0,1
BRDA:50,12,1,3
BRDA:51,13,0,0
BRDA:51,13,1,1
BRDA:60,14,0,0
BRDA:60,14,1,1
BRDA:68,15,0,1
BRDA:68,15,1,1
BRF:27
BRH:16
end_of_record
TN:
SF:src/index.js
FNF:0
FNH:0
DA:5,1
DA:6,1
DA:7,1
DA:8,1
DA:9,1
DA:10,1
DA:11,1
DA:12,1
DA:13,1
DA:14,1
DA:15,1
DA:16,1
DA:18,1
LF:13
LH:13
BRF:0
BRH:0
end_of_record
TN:
SF:src/cache/edge.js
FN:8,(anonymous_0)
FN:12,(anonymous_1)
FN:41,(anonymous_2)
FN:65,(anonymous_3)
FNF:4
FNH:2
FNDA:2,(anonymous_0)
FNDA:1,(anonymous_1)
FNDA:0,(anonymous_2)
FNDA:0,(anonymous_3)
DA:5,2
DA:9,2
DA:13,1
DA:16,0
DA:17,0
DA:19,0
DA:22,0
DA:23,0
DA:25,0
DA:28,0
DA:29,0
DA:30,0
DA:31,0
DA:33,0
DA:36,1
DA:38,0
DA:42,0
DA:44,0
DA:45,0
DA:47,0
DA:49,0
DA:50,0
DA:52,0
DA:54,0
DA:55,0
DA:56,0
DA:58,0
DA:61,0
DA:66,0
DA:68,0
DA:69,0
DA:71,0
DA:73,0
DA:74,0
DA:76,0
DA:78,0
DA:79,0
DA:80,0
DA:82,0
DA:85,0
DA:90,2
LF:41
LH:5
BRDA:13,0,0,0
BRDA:13,0,1,0
BRDA:13,0,2,0
BRDA:13,0,3,1
BRDA:16,1,0,0
BRDA:16,1,1,0
BRDA:22,2,0,0
BRDA:22,2,1,0
BRDA:28,3,0,0
BRDA:28,3,1,0
BRDA:28,4,0,0
BRDA:28,4,1,0
BRDA:42,5,0,0
BRDA:42,5,1,0
BRDA:42,5,2,0
BRDA:42,5,3,0
BRDA:44,6,0,0
BRDA:44,6,1,0
BRDA:49,7,0,0
BRDA:49,7,1,0
BRDA:54,8,0,0
BRDA:54,8,1,0
BRDA:54,9,0,0
BRDA:54,9,1,0
BRDA:66,10,0,0
BRDA:66,10,1,0
BRDA:66,10,2,0
BRDA:66,10,3,0
BRDA:68,11,0,0
BRDA:68,11,1,0
BRDA:73,12,0,0
BRDA:73,12,1,0
BRDA:78,13,0,0
BRDA:78,13,1,0
BRDA:78,14,0,0
BRDA:78,14,1,0
BRF:36
BRH:1
end_of_record
TN:
SF:src/cache/memory.js
FN:6,(anonymous_0)
FN:12,(anonymous_1)
FN:22,(anonymous_2)
FN:32,(anonymous_3)
FN:36,(anonymous_4)
FN:40,(anonymous_5)
FNF:6
FNH:4
FNDA:4,(anonymous_0)
FNDA:3,(anonymous_1)
FNDA:5,(anonymous_2)
FNDA:0,(anonymous_3)
FNDA:0,(anonymous_4)
FNDA:1,(anonymous_5)
DA:7,4
DA:8,4
DA:9,4
DA:13,3
DA:14,3
DA:15,2
DA:16,1
DA:17,1
DA:19,1
DA:23,5
DA:24,1
DA:26,5
DA:33,0
DA:37,0
DA:42,1
DA:43,1
DA:44,1
DA:49,1
LF:18
LH:16
BRDA:6,0,0,0
BRDA:8,1,0,4
BRDA:8,1,1,3
BRDA:9,2,0,4
BRDA:9,2,1,1
BRDA:14,3,0,1
BRDA:14,3,1,2
BRDA:15,4,0,1
BRDA:15,4,1,1
BRDA:23,5,0,1
BRDA:23,5,1,4
BRDA:43,6,0,1
BRDA:43,6,1,0
BRF:13
BRH:11
end_of_record
TN:
SF:src/cache/strategies.js
FN:5,cacheWarming
FN:6,(anonymous_1)
FN:17,cacheInvalidation
FNF:3
FNH:0
FNDA:0,cacheWarming
FNDA:0,(anonymous_1)
FNDA:0,cacheInvalidation
DA:6,0
DA:7,0
DA:8,0
DA:9,0
DA:11,0
DA:14,0
DA:19,0
DA:20,0
DA:21,0
DA:22,0
DA:29,1
LF:11
LH:1
BRDA:19,0,0,0
BRDA:19,0,1,0
BRDA:19,1,0,0
BRDA:19,1,1,0
BRDA:21,2,0,0
BRDA:21,2,1,0
BRF:6
BRH:0
end_of_record
TN:
SF:src/core/handler.js
FN:8,createEdgeHandler
FN:9,handler
FNF:2
FNH:0
FNDA:0,createEdgeHandler
FNDA:0,handler
DA:5,1
DA:6,1
DA:9,0
DA:10,0
DA:12,0
DA:14,0
DA:16,0
DA:20,1
LF:8
LH:3
BRDA:8,0,0,0
BRF:1
BRH:0
end_of_record
TN:
SF:src/core/platform.js
FN:5,detectPlatform
FN:14,isCloudflareWorker
FN:18,isVercelEdge
FNF:3
FNH:3
FNDA:6,detectPlatform
FNDA:1,isCloudflareWorker
FNDA:1,isVercelEdge
DA:6,6
DA:7,6
DA:8,6
DA:9,6
DA:10,6
DA:11,6
DA:15,1
DA:19,1
DA:22,3
LF:9
LH:9
BRDA:6,0,0,0
BRDA:6,0,1,6
BRDA:7,1,0,0
BRDA:7,1,1,6
BRDA:8,2,0,0
BRDA:8,2,1,6
BRDA:9,3,0,0
BRDA:9,3,1,6
BRDA:10,4,0,0
BRDA:10,4,1,6
BRDA:10,5,0,6
BRDA:10,5,1,6
BRDA:10,5,2,6
BRF:13
BRH:8
end_of_record
TN:
SF:src/core/utils.js
FN:5,parseBody
FN:25,sendJson
FN:35,sendRedirect
FN:45,sendStream
FN:54,setCors
FNF:5
FNH:3
FNDA:3,parseBody
FNDA:1,sendJson
FNDA:0,sendRedirect
FNDA:0,sendStream
FNDA:1,setCors
DA:6,3
DA:7,3
DA:8,1
DA:10,2
DA:11,1
DA:12,1
DA:13,1
DA:14,1
DA:15,2
DA:17,1
DA:19,1
DA:20,1
DA:22,0
DA:26,1
DA:36,0
DA:46,0
DA:55,1
DA:56,1
DA:62,2
LF:19
LH:16
BRDA:6,0,0,3
BRDA:6,0,1,0
BRDA:7,1,0,1
BRDA:7,1,1,2
BRDA:10,2,0,1
BRDA:10,2,1,1
BRDA:19,3,0,1
BRDA:19,3,1,0
BRDA:25,4,0,1
BRDA:30,5,0,1
BRDA:30,5,1,1
BRDA:35,6,0,0
BRDA:35,7,0,0
BRDA:40,8,0,0
BRDA:40,8,1,0
BRDA:45,9,0,0
BRDA:49,10,0,0
BRDA:49,10,1,0
BRDA:55,11,0,0
BRDA:55,11,1,1
BRDA:57,12,0,1
BRDA:57,12,1,0
BRDA:58,13,0,1
BRDA:58,13,1,0
BRF:24
BRH:12
end_of_record
TN:
SF:src/geo/detection.js
FN:5,getCountry
FN:14,getRegion
FNF:2
FNH:0
FNDA:0,getCountry
FNDA:0,getRegion
DA:6,0
DA:15,0
DA:16,0
DA:27,0
DA:30,1
LF:5
LH:1
BRDA:7,0,0,0
BRDA:7,0,1,0
BRDA:7,0,2,0
BRDA:7,0,3,0
BRDA:27,1,0,0
BRDA:27,1,1,0
BRF:6
BRH:0
end_of_record
TN:
SF:src/geo/nearest.js
FN:5,nearestRegion
FN:13,calculateDistance
FN:23,nearestRegionByDistance
FNF:3
FNH:0
FNDA:0,nearestRegion
FNDA:0,calculateDistance
FNDA:0,nearestRegionByDistance
DA:6,0
DA:7,0
DA:10,0
DA:15,0
DA:20,0
DA:24,0
DA:25,0
DA:26,0
DA:27,0
DA:28,0
DA:29,0
DA:30,0
DA:33,0
DA:36,1
LF:14
LH:1
BRDA:6,0,0,0
BRDA:6,0,1,0
BRDA:10,1,0,0
BRDA:10,1,1,0
BRDA:20,2,0,0
BRDA:20,2,1,0
BRDA:20,3,0,0
BRDA:20,3,1,0
BRDA:28,4,0,0
BRDA:28,4,1,0
BRF:10
BRH:0
end_of_record
TN:
SF:src/geo/routing.js
FN:5,geoRoute
FN:22,getCountry
FNF:2
FNH:2
FNDA:1,geoRoute
FNDA:3,getCountry
DA:6,1
DA:8,1
DA:18,1
DA:19,1
DA:23,3
DA:31,2
LF:6
LH:6
BRDA:18,0,0,1
BRDA:18,0,1,0
BRDA:19,1,0,1
BRDA:19,1,1,0
BRDA:24,2,0,3
BRDA:24,2,1,1
BRDA:24,2,2,1
BRDA:24,2,3,1
BRF:8
BRH:6
end_of_record
TN:
SF:src/performance/cold-start.js
FN:7,minimizeColdStart
FN:14,keepAlive
FN:15,(anonymous_2)
FNF:3
FNH:1
FNDA:2,minimizeColdStart
FNDA:0,keepAlive
FNDA:0,(anonymous_2)
DA:5,2
DA:8,2
DA:9,1
DA:10,1
DA:15,0
DA:17,0
DA:21,2
LF:7
LH:5
BRDA:8,0,0,1
BRDA:8,0,1,1
BRDA:14,1,0,0
BRF:3
BRH:2
end_of_record
TN:
SF:src/performance/compression.js
FN:5,compressGzip
FN:19,(anonymous_1)
FN:25,compressBrotli
FN:39,(anonymous_3)
FN:45,decompressGzip
FNF:5
FNH:0
FNDA:0,compressGzip
FNDA:0,(anonymous_1)
FNDA:0,compressBrotli
FNDA:0,(anonymous_3)
FNDA:0,decompressGzip
DA:6,0
DA:7,0
DA:8,0
DA:9,0
DA:10,0
DA:11,0
DA:12,0
DA:13,0
DA:14,0
DA:15,0
DA:16,0
DA:17,0
DA:19,0
DA:22,0
DA:26,0
DA:27,0
DA:28,0
DA:29,0
DA:30,0
DA:31,0
DA:32,0
DA:33,0
DA:34,0
DA:35,0
DA:36,0
DA:37,0
DA:39,0
DA:42,0
DA:47,0
DA:50,1
LF:30
LH:1
BRDA:6,0,0,0
BRDA:6,0,1,0
BRDA:17,1,0,0
BRDA:17,1,1,0
BRDA:26,2,0,0
BRDA:26,2,1,0
BRDA:37,3,0,0
BRDA:37,3,1,0
BRF:8
BRH:0
end_of_record
TN:
SF:src/performance/streaming.js
FN:5,streamResponse
FN:12,generateStream
FN:18,createReadableStream
FN:20,(anonymous_3)
FNF:4
FNH:0
FNDA:0,streamResponse
FNDA:0,generateStream
FNDA:0,createReadableStream
FNDA:0,(anonymous_3)
DA:6,0
DA:13,0
DA:14,0
DA:19,0
DA:21,0
DA:22,0
DA:23,0
DA:25,0
DA:27,0
DA:33,1
LF:10
LH:1
BRDA:5,0,0,0
BRF:1
BRH:0
end_of_record
